[2025-05-11 16:17:21.383] [INFO] [FACE_RECOGNITION] :: face_recognized:True | person_name:Person_2 | confidence:0.98
[2025-05-11 16:17:21.385] [INFO] [FACE_RECOGNITION] :: face_recognized:True | person_name:Person_2 | confidence:0.98
[2025-05-11 16:17:22.404] [INFO] [FACE_RECOGNITION] :: face_recognized:False | person_name:Unknown | confidence:0.58
[2025-05-11 16:17:22.405] [INFO] [FACE_RECOGNITION] :: face_recognized:False | person_name:Unknown | confidence:0.58
[2025-05-11 16:17:23.506] [INFO] [FACE_RECOGNITION] :: face_recognized:True | person_name:Person_1 | confidence:0.92
[2025-05-11 16:17:23.508] [INFO] [FACE_RECOGNITION] :: face_recognized:True | person_name:Person_1 | confidence:0.92
[2025-05-11 16:17:24.595] [INFO] [FACE_RECOGNITION] :: face_recognized:True | person_name:Person_1 | confidence:0.86
[2025-05-11 16:17:24.596] [INFO] [FACE_RECOGNITION] :: face_recognized:True | person_name:Person_1 | confidence:0.86
[2025-05-11 16:20:12.975] [INFO] [FACE_RECOGNITION] :: face_recognized:True | person_name:Person_1 | confidence:0.93
[2025-05-11 16:20:12.976] [INFO] [FACE_RECOGNITION] :: face_recognized:True | person_name:Person_1 | confidence:0.93
[2025-05-11 16:20:13.824] [INFO] [FACE_RECOGNITION] :: face_recognized:True | person_name:Person_1 | confidence:0.88
[2025-05-11 16:20:13.825] [INFO] [FACE_RECOGNITION] :: face_recognized:True | person_name:Person_1 | confidence:0.88
[2025-05-11 16:20:14.897] [INFO] [FACE_RECOGNITION] :: face_recognized:False | person_name:Unknown | confidence:0.66
[2025-05-11 16:20:14.898] [INFO] [FACE_RECOGNITION] :: face_recognized:False | person_name:Unknown | confidence:0.66
[2025-05-11 16:20:16.013] [INFO] [FACE_RECOGNITION] :: face_recognized:True | person_name:Person_2 | confidence:0.91
[2025-05-11 16:20:16.015] [INFO] [FACE_RECOGNITION] :: face_recognized:True | person_name:Person_2 | confidence:0.91
[2025-05-11 16:20:17.092] [INFO] [FACE_RECOGNITION] :: face_recognized:True | person_name:Person_2 | confidence:0.97
[2025-05-11 16:20:17.093] [INFO] [FACE_RECOGNITION] :: face_recognized:True | person_name:Person_2 | confidence:0.97
[2025-05-11 16:20:18.201] [INFO] [FACE_RECOGNITION] :: face_recognized:True | person_name:Person_2 | confidence:0.86
[2025-05-11 16:20:18.202] [INFO] [FACE_RECOGNITION] :: face_recognized:True | person_name:Person_2 | confidence:0.86
[2025-05-11 16:20:19.283] [INFO] [FACE_RECOGNITION] :: face_recognized:True | person_name:Person_3 | confidence:0.96
[2025-05-11 16:20:19.284] [INFO] [FACE_RECOGNITION] :: face_recognized:True | person_name:Person_3 | confidence:0.96
[2025-05-11 16:20:20.377] [INFO] [FACE_RECOGNITION] :: face_recognized:True | person_name:Person_3 | confidence:0.94
[2025-05-11 16:20:20.377] [INFO] [FACE_RECOGNITION] :: face_recognized:True | person_name:Person_3 | confidence:0.94
[2025-05-11 16:20:21.464] [INFO] [FACE_RECOGNITION] :: face_recognized:True | person_name:Person_1 | confidence:0.92
[2025-05-11 16:20:21.465] [INFO] [FACE_RECOGNITION] :: face_recognized:True | person_name:Person_1 | confidence:0.92
[2025-05-11 16:20:22.564] [INFO] [FACE_RECOGNITION] :: face_recognized:False | person_name:Unknown | confidence:0.61
[2025-05-11 16:20:22.565] [INFO] [FACE_RECOGNITION] :: face_recognized:False | person_name:Unknown | confidence:0.61
[2025-05-11 16:20:23.658] [INFO] [FACE_RECOGNITION] :: face_recognized:True | person_name:Person_2 | confidence:0.92
[2025-05-11 16:20:23.659] [INFO] [FACE_RECOGNITION] :: face_recognized:True | person_name:Person_2 | confidence:0.92
[2025-05-11 16:20:24.728] [INFO] [FACE_RECOGNITION] :: face_recognized:True | person_name:Person_2 | confidence:0.93
[2025-05-11 16:20:24.729] [INFO] [FACE_RECOGNITION] :: face_recognized:True | person_name:Person_2 | confidence:0.93
[2025-05-11 16:20:25.740] [INFO] [FACE_RECOGNITION] :: face_recognized:False | person_name:Unknown | confidence:0.53
[2025-05-11 16:20:25.741] [INFO] [FACE_RECOGNITION] :: face_recognized:False | person_name:Unknown | confidence:0.53
[2025-05-11 16:20:26.745] [INFO] [FACE_RECOGNITION] :: face_recognized:True | person_name:Person_2 | confidence:0.94
[2025-05-11 16:20:26.746] [INFO] [FACE_RECOGNITION] :: face_recognized:True | person_name:Person_2 | confidence:0.94
[2025-05-11 16:20:27.828] [INFO] [FACE_RECOGNITION] :: face_recognized:True | person_name:Person_1 | confidence:0.95
[2025-05-11 16:20:27.829] [INFO] [FACE_RECOGNITION] :: face_recognized:True | person_name:Person_1 | confidence:0.95
[2025-05-11 16:22:01.853] [INFO] [FACE_RECOGNITION] :: face_recognized:True | person_name:salmankhan | confidence:0.92
[2025-05-11 16:22:01.854] [INFO] [FACE_RECOGNITION] :: face_recognized:True | person_name:salmankhan | confidence:0.92
[2025-05-11 16:22:02.286] [INFO] [FACE_RECOGNITION] :: face_recognized:True | person_name:salmankhan | confidence:0.92
[2025-05-11 16:22:02.286] [INFO] [FACE_RECOGNITION] :: face_recognized:True | person_name:salmankhan | confidence:0.92
[2025-05-11 16:22:03.369] [INFO] [FACE_RECOGNITION] :: face_recognized:True | person_name:salmankhan | confidence:0.92
[2025-05-11 16:22:03.369] [INFO] [FACE_RECOGNITION] :: face_recognized:True | person_name:salmankhan | confidence:0.92
[2025-05-11 16:22:04.474] [INFO] [FACE_RECOGNITION] :: face_recognized:True | person_name:salmankhan | confidence:0.95
[2025-05-11 16:22:04.475] [INFO] [FACE_RECOGNITION] :: face_recognized:True | person_name:salmankhan | confidence:0.95
[2025-05-11 16:22:05.559] [INFO] [FACE_RECOGNITION] :: face_recognized:True | person_name:salmankhan | confidence:0.92
[2025-05-11 16:22:05.559] [INFO] [FACE_RECOGNITION] :: face_recognized:True | person_name:salmankhan | confidence:0.92
[2025-05-11 16:22:06.663] [INFO] [FACE_RECOGNITION] :: face_recognized:True | person_name:salmankhan | confidence:0.91
[2025-05-11 16:22:06.664] [INFO] [FACE_RECOGNITION] :: face_recognized:True | person_name:salmankhan | confidence:0.91
[2025-05-11 16:22:07.747] [INFO] [FACE_RECOGNITION] :: face_recognized:True | person_name:salmankhan | confidence:0.87
[2025-05-11 16:22:07.748] [INFO] [FACE_RECOGNITION] :: face_recognized:True | person_name:salmankhan | confidence:0.87
[2025-05-11 16:22:08.759] [INFO] [FACE_RECOGNITION] :: face_recognized:True | person_name:salmankhan | confidence:0.92
[2025-05-11 16:22:08.759] [INFO] [FACE_RECOGNITION] :: face_recognized:True | person_name:salmankhan | confidence:0.92
[2025-05-11 16:22:09.770] [INFO] [FACE_RECOGNITION] :: face_recognized:True | person_name:salmankhan | confidence:0.91
[2025-05-11 16:22:09.770] [INFO] [FACE_RECOGNITION] :: face_recognized:True | person_name:salmankhan | confidence:0.91
[2025-05-11 16:22:10.826] [INFO] [FACE_RECOGNITION] :: face_recognized:True | person_name:salmankhan | confidence:0.93
[2025-05-11 16:22:10.827] [INFO] [FACE_RECOGNITION] :: face_recognized:True | person_name:salmankhan | confidence:0.93
[2025-05-11 16:22:11.909] [INFO] [FACE_RECOGNITION] :: face_recognized:True | person_name:salmankhan | confidence:0.87
[2025-05-11 16:22:11.910] [INFO] [FACE_RECOGNITION] :: face_recognized:True | person_name:salmankhan | confidence:0.87
[2025-05-11 16:22:12.995] [INFO] [FACE_RECOGNITION] :: face_recognized:True | person_name:salmankhan | confidence:0.96
[2025-05-11 16:22:12.996] [INFO] [FACE_RECOGNITION] :: face_recognized:True | person_name:salmankhan | confidence:0.96
[2025-05-11 16:22:14.142] [INFO] [FACE_RECOGNITION] :: face_recognized:True | person_name:salmankhan | confidence:0.9
[2025-05-11 16:22:14.142] [INFO] [FACE_RECOGNITION] :: face_recognized:True | person_name:salmankhan | confidence:0.9
[2025-05-11 16:22:15.198] [INFO] [FACE_RECOGNITION] :: face_recognized:True | person_name:salmankhan | confidence:0.96
[2025-05-11 16:22:15.198] [INFO] [FACE_RECOGNITION] :: face_recognized:True | person_name:salmankhan | confidence:0.96
[2025-05-11 16:22:16.284] [INFO] [FACE_RECOGNITION] :: face_recognized:True | person_name:salmankhan | confidence:0.89
[2025-05-11 16:22:16.285] [INFO] [FACE_RECOGNITION] :: face_recognized:True | person_name:salmankhan | confidence:0.89
[2025-05-11 16:22:17.322] [INFO] [FACE_RECOGNITION] :: face_recognized:True | person_name:salmankhan | confidence:0.88
[2025-05-11 16:22:17.323] [INFO] [FACE_RECOGNITION] :: face_recognized:True | person_name:salmankhan | confidence:0.88
[2025-05-11 16:22:18.329] [INFO] [FACE_RECOGNITION] :: face_recognized:True | person_name:salmankhan | confidence:0.89
[2025-05-11 16:22:18.329] [INFO] [FACE_RECOGNITION] :: face_recognized:True | person_name:salmankhan | confidence:0.89
[2025-05-11 16:22:19.321] [INFO] [FACE_RECOGNITION] :: face_recognized:True | person_name:salmankhan | confidence:0.95
[2025-05-11 16:22:19.322] [INFO] [FACE_RECOGNITION] :: face_recognized:True | person_name:salmankhan | confidence:0.95
[2025-05-11 16:22:20.347] [INFO] [FACE_RECOGNITION] :: face_recognized:True | person_name:salmankhan | confidence:0.89
[2025-05-11 16:22:20.348] [INFO] [FACE_RECOGNITION] :: face_recognized:True | person_name:salmankhan | confidence:0.89
[2025-05-11 16:22:21.352] [INFO] [FACE_RECOGNITION] :: face_recognized:True | person_name:salmankhan | confidence:0.94
[2025-05-11 16:22:21.352] [INFO] [FACE_RECOGNITION] :: face_recognized:True | person_name:salmankhan | confidence:0.94
[2025-05-11 16:22:22.366] [INFO] [FACE_RECOGNITION] :: face_recognized:True | person_name:salmankhan | confidence:0.94
[2025-05-11 16:22:22.367] [INFO] [FACE_RECOGNITION] :: face_recognized:True | person_name:salmankhan | confidence:0.94
[2025-05-11 16:22:23.373] [INFO] [FACE_RECOGNITION] :: face_recognized:True | person_name:salmankhan | confidence:0.93
[2025-05-11 16:22:23.374] [INFO] [FACE_RECOGNITION] :: face_recognized:True | person_name:salmankhan | confidence:0.93
[2025-05-11 16:22:24.381] [INFO] [FACE_RECOGNITION] :: face_recognized:True | person_name:salmankhan | confidence:0.93
[2025-05-11 16:22:24.381] [INFO] [FACE_RECOGNITION] :: face_recognized:True | person_name:salmankhan | confidence:0.93
[2025-05-11 16:22:25.389] [INFO] [FACE_RECOGNITION] :: face_recognized:True | person_name:salmankhan | confidence:0.95
[2025-05-11 16:22:25.390] [INFO] [FACE_RECOGNITION] :: face_recognized:True | person_name:salmankhan | confidence:0.95
[2025-05-11 16:22:26.436] [INFO] [FACE_RECOGNITION] :: face_recognized:True | person_name:salmankhan | confidence:0.96
[2025-05-11 16:22:26.437] [INFO] [FACE_RECOGNITION] :: face_recognized:True | person_name:salmankhan | confidence:0.96
[2025-05-11 16:22:27.409] [INFO] [FACE_RECOGNITION] :: face_recognized:True | person_name:salmankhan | confidence:0.96
[2025-05-11 16:22:27.410] [INFO] [FACE_RECOGNITION] :: face_recognized:True | person_name:salmankhan | confidence:0.96
[2025-05-11 16:22:28.418] [INFO] [FACE_RECOGNITION] :: face_recognized:True | person_name:salmankhan | confidence:0.88
[2025-05-11 16:22:28.419] [INFO] [FACE_RECOGNITION] :: face_recognized:True | person_name:salmankhan | confidence:0.88
[2025-05-11 16:22:29.533] [INFO] [FACE_RECOGNITION] :: face_recognized:True | person_name:salmankhan | confidence:0.94
[2025-05-11 16:22:29.533] [INFO] [FACE_RECOGNITION] :: face_recognized:True | person_name:salmankhan | confidence:0.94
[2025-05-11 16:22:30.625] [INFO] [FACE_RECOGNITION] :: face_recognized:True | person_name:salmankhan | confidence:0.95
[2025-05-11 16:22:30.625] [INFO] [FACE_RECOGNITION] :: face_recognized:True | person_name:salmankhan | confidence:0.95
[2025-05-11 16:22:31.692] [INFO] [FACE_RECOGNITION] :: face_recognized:True | person_name:salmankhan | confidence:0.89
[2025-05-11 16:22:31.693] [INFO] [FACE_RECOGNITION] :: face_recognized:True | person_name:salmankhan | confidence:0.89
[2025-05-11 16:22:32.833] [INFO] [FACE_RECOGNITION] :: face_recognized:True | person_name:salmankhan | confidence:0.89
[2025-05-11 16:22:32.834] [INFO] [FACE_RECOGNITION] :: face_recognized:True | person_name:salmankhan | confidence:0.89
[2025-05-11 16:22:33.898] [INFO] [FACE_RECOGNITION] :: face_recognized:True | person_name:salmankhan | confidence:0.95
[2025-05-11 16:22:33.898] [INFO] [FACE_RECOGNITION] :: face_recognized:True | person_name:salmankhan | confidence:0.95
[2025-05-11 16:22:34.940] [INFO] [FACE_RECOGNITION] :: face_recognized:True | person_name:salmankhan | confidence:0.97
[2025-05-11 16:22:34.941] [INFO] [FACE_RECOGNITION] :: face_recognized:True | person_name:salmankhan | confidence:0.97
[2025-05-11 16:22:35.947] [INFO] [FACE_RECOGNITION] :: face_recognized:True | person_name:salmankhan | confidence:0.96
[2025-05-11 16:22:35.947] [INFO] [FACE_RECOGNITION] :: face_recognized:True | person_name:salmankhan | confidence:0.96
[2025-05-11 16:22:36.982] [INFO] [FACE_RECOGNITION] :: face_recognized:True | person_name:salmankhan | confidence:0.87
[2025-05-11 16:22:36.983] [INFO] [FACE_RECOGNITION] :: face_recognized:True | person_name:salmankhan | confidence:0.87
[2025-05-11 16:22:37.979] [INFO] [FACE_RECOGNITION] :: face_recognized:True | person_name:salmankhan | confidence:0.94
[2025-05-11 16:22:37.980] [INFO] [FACE_RECOGNITION] :: face_recognized:True | person_name:salmankhan | confidence:0.94
[2025-05-11 16:22:38.987] [INFO] [FACE_RECOGNITION] :: face_recognized:True | person_name:salmankhan | confidence:0.87
[2025-05-11 16:22:38.987] [INFO] [FACE_RECOGNITION] :: face_recognized:True | person_name:salmankhan | confidence:0.87
[2025-05-11 16:22:40.024] [INFO] [FACE_RECOGNITION] :: face_recognized:True | person_name:salmankhan | confidence:0.9
[2025-05-11 16:22:40.025] [INFO] [FACE_RECOGNITION] :: face_recognized:True | person_name:salmankhan | confidence:0.9
[2025-05-11 16:22:41.130] [INFO] [FACE_RECOGNITION] :: face_recognized:True | person_name:salmankhan | confidence:0.87
[2025-05-11 16:22:41.131] [INFO] [FACE_RECOGNITION] :: face_recognized:True | person_name:salmankhan | confidence:0.87
[2025-05-11 16:22:42.270] [INFO] [FACE_RECOGNITION] :: face_recognized:True | person_name:salmankhan | confidence:0.93
[2025-05-11 16:22:42.270] [INFO] [FACE_RECOGNITION] :: face_recognized:True | person_name:salmankhan | confidence:0.93
[2025-05-11 16:22:43.303] [INFO] [FACE_RECOGNITION] :: face_recognized:True | person_name:salmankhan | confidence:0.96
[2025-05-11 16:22:43.304] [INFO] [FACE_RECOGNITION] :: face_recognized:True | person_name:salmankhan | confidence:0.96
[2025-05-11 16:22:44.418] [INFO] [FACE_RECOGNITION] :: face_recognized:True | person_name:salmankhan | confidence:0.86
[2025-05-11 16:22:44.419] [INFO] [FACE_RECOGNITION] :: face_recognized:True | person_name:salmankhan | confidence:0.86
[2025-05-11 16:22:45.500] [INFO] [FACE_RECOGNITION] :: face_recognized:True | person_name:salmankhan | confidence:0.85
[2025-05-11 16:22:45.501] [INFO] [FACE_RECOGNITION] :: face_recognized:True | person_name:salmankhan | confidence:0.85
[2025-05-11 16:22:46.705] [INFO] [FACE_RECOGNITION] :: face_recognized:True | person_name:salmankhan | confidence:0.89
[2025-05-11 16:22:46.705] [INFO] [FACE_RECOGNITION] :: face_recognized:True | person_name:salmankhan | confidence:0.89
[2025-05-11 16:26:52.559] [INFO] [FACE_RECOGNITION] :: face_recognized:False | person_name:Unknown | confidence:0.64
[2025-05-11 16:26:52.560] [INFO] [FACE_RECOGNITION] :: face_recognized:False | person_name:Unknown | confidence:0.64
[2025-05-11 16:26:53.660] [INFO] [FACE_RECOGNITION] :: face_recognized:True | person_name:Person_3 | confidence:0.85
[2025-05-11 16:26:53.662] [INFO] [FACE_RECOGNITION] :: face_recognized:True | person_name:Person_3 | confidence:0.85
[2025-05-11 16:26:54.857] [INFO] [FACE_RECOGNITION] :: face_recognized:True | person_name:Person_2 | confidence:0.9
[2025-05-11 16:26:54.857] [INFO] [FACE_RECOGNITION] :: face_recognized:True | person_name:Person_2 | confidence:0.9
[2025-05-11 16:32:23.583] [INFO] [FACE_RECOGNITION] :: face_recognized:False | person_name:Unknown | confidence:0.0
[2025-05-11 16:32:23.585] [INFO] [FACE_RECOGNITION] :: face_recognized:False | person_name:Unknown | confidence:0.0
[2025-05-11 16:32:24.683] [INFO] [FACE_RECOGNITION] :: face_recognized:False | person_name:Unknown | confidence:0.0
[2025-05-11 16:32:24.685] [INFO] [FACE_RECOGNITION] :: face_recognized:False | person_name:Unknown | confidence:0.0
[2025-05-11 16:32:25.770] [INFO] [FACE_RECOGNITION] :: face_recognized:True | person_name:Shahrukh.Khan | confidence:25.5
[2025-05-11 16:32:25.772] [INFO] [FACE_RECOGNITION] :: face_recognized:True | person_name:Shahrukh.Khan | confidence:25.5
[2025-05-11 16:32:26.872] [INFO] [FACE_RECOGNITION] :: face_recognized:True | person_name:Shahrukh.Khan | confidence:27.52
[2025-05-11 16:32:26.874] [INFO] [FACE_RECOGNITION] :: face_recognized:True | person_name:Shahrukh.Khan | confidence:27.52
[2025-05-11 16:32:27.994] [INFO] [FACE_RECOGNITION] :: face_recognized:True | person_name:Shahrukh.Khan | confidence:27.62
[2025-05-11 16:32:27.996] [INFO] [FACE_RECOGNITION] :: face_recognized:True | person_name:Shahrukh.Khan | confidence:27.62
[2025-05-11 16:32:29.170] [INFO] [FACE_RECOGNITION] :: face_recognized:True | person_name:Shahrukh.Khan | confidence:15.36
[2025-05-11 16:32:29.172] [INFO] [FACE_RECOGNITION] :: face_recognized:True | person_name:Shahrukh.Khan | confidence:15.36
[2025-05-11 16:32:30.270] [INFO] [FACE_RECOGNITION] :: face_recognized:True | person_name:Shahrukh.Khan | confidence:16.97
[2025-05-11 16:32:30.272] [INFO] [FACE_RECOGNITION] :: face_recognized:True | person_name:Shahrukh.Khan | confidence:16.97
[2025-05-11 16:32:31.357] [INFO] [FACE_RECOGNITION] :: face_recognized:True | person_name:Shahrukh.Khan | confidence:25.64
[2025-05-11 16:32:31.359] [INFO] [FACE_RECOGNITION] :: face_recognized:True | person_name:Shahrukh.Khan | confidence:25.64
[2025-05-11 16:32:32.445] [INFO] [FACE_RECOGNITION] :: face_recognized:False | person_name:Unknown | confidence:0.0
[2025-05-11 16:32:32.447] [INFO] [FACE_RECOGNITION] :: face_recognized:False | person_name:Unknown | confidence:0.0
[2025-05-11 16:32:33.585] [INFO] [FACE_RECOGNITION] :: face_recognized:False | person_name:Unknown | confidence:0.0
[2025-05-11 16:32:33.587] [INFO] [FACE_RECOGNITION] :: face_recognized:False | person_name:Unknown | confidence:0.0
[2025-05-11 16:32:34.649] [INFO] [FACE_RECOGNITION] :: face_recognized:True | person_name:Unknown | confidence:-16.19
[2025-05-11 16:32:34.651] [INFO] [FACE_RECOGNITION] :: face_recognized:True | person_name:Unknown | confidence:-16.19
[2025-05-11 16:32:35.727] [INFO] [FACE_RECOGNITION] :: face_recognized:False | person_name:Unknown | confidence:0.0
[2025-05-11 16:32:35.730] [INFO] [FACE_RECOGNITION] :: face_recognized:False | person_name:Unknown | confidence:0.0
[2025-05-11 16:32:36.779] [INFO] [FACE_RECOGNITION] :: face_recognized:False | person_name:Unknown | confidence:0.0
[2025-05-11 16:32:36.781] [INFO] [FACE_RECOGNITION] :: face_recognized:False | person_name:Unknown | confidence:0.0
[2025-05-11 16:32:37.809] [INFO] [FACE_RECOGNITION] :: face_recognized:False | person_name:Unknown | confidence:0.0
[2025-05-11 16:32:37.811] [INFO] [FACE_RECOGNITION] :: face_recognized:False | person_name:Unknown | confidence:0.0
[2025-05-11 16:32:38.908] [INFO] [FACE_RECOGNITION] :: face_recognized:True | person_name:Shahrukh.Khan | confidence:25.54
[2025-05-11 16:32:38.910] [INFO] [FACE_RECOGNITION] :: face_recognized:True | person_name:Shahrukh.Khan | confidence:25.54
[2025-05-11 16:32:40.030] [INFO] [FACE_RECOGNITION] :: face_recognized:True | person_name:Shahrukh.Khan | confidence:25.67
[2025-05-11 16:32:40.032] [INFO] [FACE_RECOGNITION] :: face_recognized:True | person_name:Shahrukh.Khan | confidence:25.67
[2025-05-11 16:32:41.224] [INFO] [FACE_RECOGNITION] :: face_recognized:True | person_name:Unknown | confidence:-13.61
[2025-05-11 16:32:41.226] [INFO] [FACE_RECOGNITION] :: face_recognized:True | person_name:Unknown | confidence:-13.61
[2025-05-11 16:32:42.284] [INFO] [FACE_RECOGNITION] :: face_recognized:True | person_name:Shahrukh.Khan | confidence:16.65
[2025-05-11 16:32:42.287] [INFO] [FACE_RECOGNITION] :: face_recognized:True | person_name:Shahrukh.Khan | confidence:16.65
[2025-05-11 16:32:43.399] [INFO] [FACE_RECOGNITION] :: face_recognized:True | person_name:Unknown | confidence:-15.2
[2025-05-11 16:32:43.401] [INFO] [FACE_RECOGNITION] :: face_recognized:True | person_name:Unknown | confidence:-15.2
[2025-05-11 16:32:44.485] [INFO] [FACE_RECOGNITION] :: face_recognized:True | person_name:Shahrukh.Khan | confidence:17.09
[2025-05-11 16:32:44.487] [INFO] [FACE_RECOGNITION] :: face_recognized:True | person_name:Shahrukh.Khan | confidence:17.09
[2025-05-11 16:32:45.576] [INFO] [FACE_RECOGNITION] :: face_recognized:True | person_name:Shahrukh.Khan | confidence:15.65
[2025-05-11 16:32:45.578] [INFO] [FACE_RECOGNITION] :: face_recognized:True | person_name:Shahrukh.Khan | confidence:15.65
[2025-05-11 16:32:46.681] [INFO] [FACE_RECOGNITION] :: face_recognized:True | person_name:Shahrukh.Khan | confidence:11.09
[2025-05-11 16:32:46.683] [INFO] [FACE_RECOGNITION] :: face_recognized:True | person_name:Shahrukh.Khan | confidence:11.09
[2025-05-11 16:32:47.765] [INFO] [FACE_RECOGNITION] :: face_recognized:True | person_name:Unknown | confidence:-17.51
[2025-05-11 16:32:47.767] [INFO] [FACE_RECOGNITION] :: face_recognized:True | person_name:Unknown | confidence:-17.51
[2025-05-11 16:32:48.775] [INFO] [FACE_RECOGNITION] :: face_recognized:False | person_name:Unknown | confidence:0.0
[2025-05-11 16:32:48.777] [INFO] [FACE_RECOGNITION] :: face_recognized:False | person_name:Unknown | confidence:0.0
[2025-05-11 16:32:49.772] [INFO] [FACE_RECOGNITION] :: face_recognized:True | person_name:Unknown | confidence:-27.76
[2025-05-11 16:32:49.774] [INFO] [FACE_RECOGNITION] :: face_recognized:True | person_name:Unknown | confidence:-27.76
[2025-05-11 16:32:50.775] [INFO] [FACE_RECOGNITION] :: face_recognized:True | person_name:Unknown | confidence:-69.17
[2025-05-11 16:32:50.777] [INFO] [FACE_RECOGNITION] :: face_recognized:True | person_name:Unknown | confidence:-69.17
[2025-05-11 16:32:51.810] [INFO] [FACE_RECOGNITION] :: face_recognized:True | person_name:Unknown | confidence:-58.71
[2025-05-11 16:32:51.812] [INFO] [FACE_RECOGNITION] :: face_recognized:True | person_name:Unknown | confidence:-58.71
[2025-05-11 16:32:52.914] [INFO] [FACE_RECOGNITION] :: face_recognized:True | person_name:Unknown | confidence:-30.96
[2025-05-11 16:32:52.916] [INFO] [FACE_RECOGNITION] :: face_recognized:True | person_name:Unknown | confidence:-30.96
[2025-05-11 16:32:53.990] [INFO] [FACE_RECOGNITION] :: face_recognized:True | person_name:Unknown | confidence:-26.59
[2025-05-11 16:32:53.992] [INFO] [FACE_RECOGNITION] :: face_recognized:True | person_name:Unknown | confidence:-26.59
[2025-05-11 16:32:55.084] [INFO] [FACE_RECOGNITION] :: face_recognized:True | person_name:Unknown | confidence:-27.99
[2025-05-11 16:32:55.086] [INFO] [FACE_RECOGNITION] :: face_recognized:True | person_name:Unknown | confidence:-27.99
[2025-05-11 16:32:56.184] [INFO] [FACE_RECOGNITION] :: face_recognized:True | person_name:Unknown | confidence:-26.45
[2025-05-11 16:32:56.187] [INFO] [FACE_RECOGNITION] :: face_recognized:True | person_name:Unknown | confidence:-26.45
[2025-05-11 16:32:57.283] [INFO] [FACE_RECOGNITION] :: face_recognized:True | person_name:Unknown | confidence:-24.15
[2025-05-11 16:32:57.284] [INFO] [FACE_RECOGNITION] :: face_recognized:True | person_name:Unknown | confidence:-24.15
[2025-05-11 16:32:58.393] [INFO] [FACE_RECOGNITION] :: face_recognized:True | person_name:Unknown | confidence:-38.18
[2025-05-11 16:32:58.397] [INFO] [FACE_RECOGNITION] :: face_recognized:True | person_name:Unknown | confidence:-38.18
[2025-05-11 16:32:59.462] [INFO] [FACE_RECOGNITION] :: face_recognized:True | person_name:Unknown | confidence:-21.11
[2025-05-11 16:32:59.464] [INFO] [FACE_RECOGNITION] :: face_recognized:True | person_name:Unknown | confidence:-21.11
[2025-05-11 16:33:00.634] [INFO] [FACE_RECOGNITION] :: face_recognized:True | person_name:Unknown | confidence:-13.45
[2025-05-11 16:33:00.649] [INFO] [FACE_RECOGNITION] :: face_recognized:True | person_name:Unknown | confidence:-13.45
[2025-05-11 16:33:01.667] [INFO] [FACE_RECOGNITION] :: face_recognized:True | person_name:Unknown | confidence:-10.27
[2025-05-11 16:33:01.670] [INFO] [FACE_RECOGNITION] :: face_recognized:True | person_name:Unknown | confidence:-10.27
[2025-05-11 16:33:02.751] [INFO] [FACE_RECOGNITION] :: face_recognized:True | person_name:Unknown | confidence:-19.2
[2025-05-11 16:33:02.753] [INFO] [FACE_RECOGNITION] :: face_recognized:True | person_name:Unknown | confidence:-19.2
[2025-05-11 16:33:03.770] [INFO] [FACE_RECOGNITION] :: face_recognized:True | person_name:Unknown | confidence:-18.27
[2025-05-11 16:33:03.772] [INFO] [FACE_RECOGNITION] :: face_recognized:True | person_name:Unknown | confidence:-18.27
[2025-05-11 16:33:04.824] [INFO] [FACE_RECOGNITION] :: face_recognized:True | person_name:Unknown | confidence:-37.6
[2025-05-11 16:33:04.827] [INFO] [FACE_RECOGNITION] :: face_recognized:True | person_name:Unknown | confidence:-37.6
[2025-05-11 16:33:05.836] [INFO] [FACE_RECOGNITION] :: face_recognized:True | person_name:Shahrukh.Khan | confidence:23.01
[2025-05-11 16:33:05.838] [INFO] [FACE_RECOGNITION] :: face_recognized:True | person_name:Shahrukh.Khan | confidence:23.01
[2025-05-11 16:33:06.901] [INFO] [FACE_RECOGNITION] :: face_recognized:True | person_name:Shahrukh.Khan | confidence:20.04
[2025-05-11 16:33:06.903] [INFO] [FACE_RECOGNITION] :: face_recognized:True | person_name:Shahrukh.Khan | confidence:20.04
[2025-05-11 16:33:08.022] [INFO] [FACE_RECOGNITION] :: face_recognized:True | person_name:Shahrukh.Khan | confidence:18.77
[2025-05-11 16:33:08.024] [INFO] [FACE_RECOGNITION] :: face_recognized:True | person_name:Shahrukh.Khan | confidence:18.77
[2025-05-11 16:33:09.106] [INFO] [FACE_RECOGNITION] :: face_recognized:True | person_name:Unknown | confidence:-13.12
[2025-05-11 16:33:09.108] [INFO] [FACE_RECOGNITION] :: face_recognized:True | person_name:Unknown | confidence:-13.12
[2025-05-11 16:33:10.197] [INFO] [FACE_RECOGNITION] :: face_recognized:False | person_name:Unknown | confidence:0.0
[2025-05-11 16:33:10.200] [INFO] [FACE_RECOGNITION] :: face_recognized:False | person_name:Unknown | confidence:0.0
[2025-05-11 16:33:11.269] [INFO] [FACE_RECOGNITION] :: face_recognized:True | person_name:Unknown | confidence:-15.14
[2025-05-11 16:33:11.272] [INFO] [FACE_RECOGNITION] :: face_recognized:True | person_name:Unknown | confidence:-15.14
[2025-05-11 16:33:12.477] [INFO] [FACE_RECOGNITION] :: face_recognized:True | person_name:Unknown | confidence:-8.26
[2025-05-11 16:33:12.481] [INFO] [FACE_RECOGNITION] :: face_recognized:True | person_name:Unknown | confidence:-8.26
[2025-05-11 16:33:13.579] [INFO] [FACE_RECOGNITION] :: face_recognized:True | person_name:Unknown | confidence:-64.97
[2025-05-11 16:33:13.580] [INFO] [FACE_RECOGNITION] :: face_recognized:True | person_name:Unknown | confidence:-64.97
[2025-05-11 16:33:14.695] [INFO] [FACE_RECOGNITION] :: face_recognized:True | person_name:Unknown | confidence:-0.42
[2025-05-11 16:33:14.697] [INFO] [FACE_RECOGNITION] :: face_recognized:True | person_name:Unknown | confidence:-0.42
[2025-05-11 16:33:15.765] [INFO] [FACE_RECOGNITION] :: face_recognized:True | person_name:salmankhan | confidence:5.24
[2025-05-11 16:33:15.768] [INFO] [FACE_RECOGNITION] :: face_recognized:True | person_name:salmankhan | confidence:5.24
[2025-05-11 16:33:16.772] [INFO] [FACE_RECOGNITION] :: face_recognized:True | person_name:salmankhan | confidence:4.48
[2025-05-11 16:33:16.775] [INFO] [FACE_RECOGNITION] :: face_recognized:True | person_name:salmankhan | confidence:4.48
[2025-05-11 16:33:17.773] [INFO] [FACE_RECOGNITION] :: face_recognized:True | person_name:salmankhan | confidence:1.76
[2025-05-11 16:33:17.774] [INFO] [FACE_RECOGNITION] :: face_recognized:True | person_name:salmankhan | confidence:1.76
[2025-05-11 16:33:18.779] [INFO] [FACE_RECOGNITION] :: face_recognized:True | person_name:Shahrukh.Khan | confidence:1.8
[2025-05-11 16:33:18.781] [INFO] [FACE_RECOGNITION] :: face_recognized:True | person_name:Shahrukh.Khan | confidence:1.8
[2025-05-11 16:33:19.812] [INFO] [FACE_RECOGNITION] :: face_recognized:True | person_name:salmankhan | confidence:4.58
[2025-05-11 16:33:19.814] [INFO] [FACE_RECOGNITION] :: face_recognized:True | person_name:salmankhan | confidence:4.58
[2025-05-11 16:33:20.922] [INFO] [FACE_RECOGNITION] :: face_recognized:True | person_name:salmankhan | confidence:1.4
[2025-05-11 16:33:20.924] [INFO] [FACE_RECOGNITION] :: face_recognized:True | person_name:salmankhan | confidence:1.4
[2025-05-11 16:33:21.998] [INFO] [FACE_RECOGNITION] :: face_recognized:False | person_name:Unknown | confidence:0.0
[2025-05-11 16:33:22.000] [INFO] [FACE_RECOGNITION] :: face_recognized:False | person_name:Unknown | confidence:0.0
[2025-05-11 16:33:23.095] [INFO] [FACE_RECOGNITION] :: face_recognized:False | person_name:Unknown | confidence:0.0
[2025-05-11 16:33:23.097] [INFO] [FACE_RECOGNITION] :: face_recognized:False | person_name:Unknown | confidence:0.0
[2025-05-11 16:33:24.178] [INFO] [FACE_RECOGNITION] :: face_recognized:False | person_name:Unknown | confidence:0.0
[2025-05-11 16:33:24.181] [INFO] [FACE_RECOGNITION] :: face_recognized:False | person_name:Unknown | confidence:0.0
[2025-05-11 16:33:25.286] [INFO] [FACE_RECOGNITION] :: face_recognized:False | person_name:Unknown | confidence:0.0
[2025-05-11 16:33:25.288] [INFO] [FACE_RECOGNITION] :: face_recognized:False | person_name:Unknown | confidence:0.0
[2025-05-11 16:33:26.275] [INFO] [FACE_RECOGNITION] :: face_recognized:False | person_name:Unknown | confidence:0.0
[2025-05-11 16:33:26.277] [INFO] [FACE_RECOGNITION] :: face_recognized:False | person_name:Unknown | confidence:0.0
[2025-05-11 16:33:27.471] [INFO] [FACE_RECOGNITION] :: face_recognized:False | person_name:Unknown | confidence:0.0
[2025-05-11 16:33:27.473] [INFO] [FACE_RECOGNITION] :: face_recognized:False | person_name:Unknown | confidence:0.0
[2025-05-11 16:33:28.559] [INFO] [FACE_RECOGNITION] :: face_recognized:True | person_name:Unknown | confidence:-61.03
[2025-05-11 16:33:28.561] [INFO] [FACE_RECOGNITION] :: face_recognized:True | person_name:Unknown | confidence:-61.03
[2025-05-11 16:33:29.644] [INFO] [FACE_RECOGNITION] :: face_recognized:True | person_name:Unknown | confidence:-38.11
[2025-05-11 16:33:29.646] [INFO] [FACE_RECOGNITION] :: face_recognized:True | person_name:Unknown | confidence:-38.11
[2025-05-11 16:33:30.751] [INFO] [FACE_RECOGNITION] :: face_recognized:True | person_name:Unknown | confidence:-30.94
[2025-05-11 16:33:30.753] [INFO] [FACE_RECOGNITION] :: face_recognized:True | person_name:Unknown | confidence:-30.94
[2025-05-11 16:33:31.770] [INFO] [FACE_RECOGNITION] :: face_recognized:True | person_name:Unknown | confidence:-31.41
[2025-05-11 16:33:31.772] [INFO] [FACE_RECOGNITION] :: face_recognized:True | person_name:Unknown | confidence:-31.41
[2025-05-11 16:33:32.773] [INFO] [FACE_RECOGNITION] :: face_recognized:True | person_name:Unknown | confidence:-24.27
[2025-05-11 16:33:32.775] [INFO] [FACE_RECOGNITION] :: face_recognized:True | person_name:Unknown | confidence:-24.27
[2025-05-11 16:33:33.802] [INFO] [FACE_RECOGNITION] :: face_recognized:False | person_name:Unknown | confidence:0.0
[2025-05-11 16:33:33.804] [INFO] [FACE_RECOGNITION] :: face_recognized:False | person_name:Unknown | confidence:0.0
[2025-05-11 16:33:34.919] [INFO] [FACE_RECOGNITION] :: face_recognized:True | person_name:Unknown | confidence:-16.15
[2025-05-11 16:33:34.922] [INFO] [FACE_RECOGNITION] :: face_recognized:True | person_name:Unknown | confidence:-16.15
[2025-05-11 16:33:36.018] [INFO] [FACE_RECOGNITION] :: face_recognized:False | person_name:Unknown | confidence:0.0
[2025-05-11 16:33:36.020] [INFO] [FACE_RECOGNITION] :: face_recognized:False | person_name:Unknown | confidence:0.0
[2025-05-11 16:33:37.126] [INFO] [FACE_RECOGNITION] :: face_recognized:False | person_name:Unknown | confidence:0.0
[2025-05-11 16:33:37.128] [INFO] [FACE_RECOGNITION] :: face_recognized:False | person_name:Unknown | confidence:0.0
[2025-05-11 16:33:38.207] [INFO] [FACE_RECOGNITION] :: face_recognized:False | person_name:Unknown | confidence:0.0
[2025-05-11 16:33:38.209] [INFO] [FACE_RECOGNITION] :: face_recognized:False | person_name:Unknown | confidence:0.0
[2025-05-11 16:33:39.275] [INFO] [FACE_RECOGNITION] :: face_recognized:False | person_name:Unknown | confidence:0.0
[2025-05-11 16:33:39.277] [INFO] [FACE_RECOGNITION] :: face_recognized:False | person_name:Unknown | confidence:0.0
[2025-05-11 16:33:40.287] [INFO] [FACE_RECOGNITION] :: face_recognized:True | person_name:Shahrukh.Khan | confidence:18.69
[2025-05-11 16:33:40.289] [INFO] [FACE_RECOGNITION] :: face_recognized:True | person_name:Shahrukh.Khan | confidence:18.69
[2025-05-11 16:33:41.372] [INFO] [FACE_RECOGNITION] :: face_recognized:True | person_name:Shahrukh.Khan | confidence:17.53
[2025-05-11 16:33:41.374] [INFO] [FACE_RECOGNITION] :: face_recognized:True | person_name:Shahrukh.Khan | confidence:17.53
[2025-05-11 16:33:42.482] [INFO] [FACE_RECOGNITION] :: face_recognized:True | person_name:Shahrukh.Khan | confidence:17.81
[2025-05-11 16:33:42.484] [INFO] [FACE_RECOGNITION] :: face_recognized:True | person_name:Shahrukh.Khan | confidence:17.81
[2025-05-11 16:33:43.558] [INFO] [FACE_RECOGNITION] :: face_recognized:True | person_name:Shahrukh.Khan | confidence:14.9
[2025-05-11 16:33:43.561] [INFO] [FACE_RECOGNITION] :: face_recognized:True | person_name:Shahrukh.Khan | confidence:14.9
[2025-05-11 16:33:44.643] [INFO] [FACE_RECOGNITION] :: face_recognized:True | person_name:Shahrukh.Khan | confidence:14.76
[2025-05-11 16:33:44.645] [INFO] [FACE_RECOGNITION] :: face_recognized:True | person_name:Shahrukh.Khan | confidence:14.76
[2025-05-11 16:33:45.756] [INFO] [FACE_RECOGNITION] :: face_recognized:True | person_name:Unknown | confidence:-13.24
[2025-05-11 16:33:45.759] [INFO] [FACE_RECOGNITION] :: face_recognized:True | person_name:Unknown | confidence:-13.24
[2025-05-11 16:33:46.779] [INFO] [FACE_RECOGNITION] :: face_recognized:False | person_name:Unknown | confidence:0.0
[2025-05-11 16:33:46.781] [INFO] [FACE_RECOGNITION] :: face_recognized:False | person_name:Unknown | confidence:0.0
[2025-05-11 16:33:47.810] [INFO] [FACE_RECOGNITION] :: face_recognized:True | person_name:Shahrukh.Khan | confidence:17.27
[2025-05-11 16:33:47.811] [INFO] [FACE_RECOGNITION] :: face_recognized:True | person_name:Shahrukh.Khan | confidence:17.27
[2025-05-11 16:33:48.920] [INFO] [FACE_RECOGNITION] :: face_recognized:True | person_name:Shahrukh.Khan | confidence:23.82
[2025-05-11 16:33:48.922] [INFO] [FACE_RECOGNITION] :: face_recognized:True | person_name:Shahrukh.Khan | confidence:23.82
[2025-05-11 16:33:50.013] [INFO] [FACE_RECOGNITION] :: face_recognized:True | person_name:Unknown | confidence:-15.6
[2025-05-11 16:33:50.016] [INFO] [FACE_RECOGNITION] :: face_recognized:True | person_name:Unknown | confidence:-15.6
[2025-05-11 16:33:51.101] [INFO] [FACE_RECOGNITION] :: face_recognized:True | person_name:Unknown | confidence:-11.97
[2025-05-11 16:33:51.103] [INFO] [FACE_RECOGNITION] :: face_recognized:True | person_name:Unknown | confidence:-11.97
[2025-05-11 16:33:52.196] [INFO] [FACE_RECOGNITION] :: face_recognized:True | person_name:Unknown | confidence:-13.3
[2025-05-11 16:33:52.198] [INFO] [FACE_RECOGNITION] :: face_recognized:True | person_name:Unknown | confidence:-13.3
[2025-05-11 16:33:53.271] [INFO] [FACE_RECOGNITION] :: face_recognized:True | person_name:Unknown | confidence:-41.35
[2025-05-11 16:33:53.273] [INFO] [FACE_RECOGNITION] :: face_recognized:True | person_name:Unknown | confidence:-41.35
[2025-05-11 16:33:54.380] [INFO] [FACE_RECOGNITION] :: face_recognized:True | person_name:Unknown | confidence:-14.15
[2025-05-11 16:33:54.382] [INFO] [FACE_RECOGNITION] :: face_recognized:True | person_name:Unknown | confidence:-14.15
[2025-05-11 16:33:55.482] [INFO] [FACE_RECOGNITION] :: face_recognized:True | person_name:Unknown | confidence:-0.61
[2025-05-11 16:33:55.484] [INFO] [FACE_RECOGNITION] :: face_recognized:True | person_name:Unknown | confidence:-0.61
[2025-05-11 16:33:56.549] [INFO] [FACE_RECOGNITION] :: face_recognized:False | person_name:Unknown | confidence:0.0
[2025-05-11 16:33:56.551] [INFO] [FACE_RECOGNITION] :: face_recognized:False | person_name:Unknown | confidence:0.0
[2025-05-11 16:33:57.772] [INFO] [FACE_RECOGNITION] :: face_recognized:False | person_name:Unknown | confidence:0.0
[2025-05-11 16:33:57.774] [INFO] [FACE_RECOGNITION] :: face_recognized:False | person_name:Unknown | confidence:0.0
[2025-05-11 16:33:58.801] [INFO] [FACE_RECOGNITION] :: face_recognized:True | person_name:Shahrukh.Khan | confidence:22.99
[2025-05-11 16:33:58.804] [INFO] [FACE_RECOGNITION] :: face_recognized:True | person_name:Shahrukh.Khan | confidence:22.99
[2025-05-11 16:33:59.854] [INFO] [FACE_RECOGNITION] :: face_recognized:True | person_name:Shahrukh.Khan | confidence:18.71
[2025-05-11 16:33:59.856] [INFO] [FACE_RECOGNITION] :: face_recognized:True | person_name:Shahrukh.Khan | confidence:18.71
